2024.04.26 19:16:48 INFO  Started: Metals version 1.3.0 in folders '/home/sr7/LearnBigData/spark-practice2' for client Visual Studio Code 1.88.1.
SLF4J: Class path contains multiple SLF4J providers.
SLF4J: Found provider [scribe.slf4j.ScribeServiceProvider@3218f8b2]
SLF4J: Found provider [ch.qos.logback.classic.spi.LogbackServiceProvider@3dd3a70]
SLF4J: See https://www.slf4j.org/codes.html#multiple_bindings for an explanation.
SLF4J: Actual provider is of type [scribe.slf4j.ScribeServiceProvider@3218f8b2]
2024.04.26 19:16:51 WARN  Flyway upgrade recommended: H2 2.2.224 is newer than this version of Flyway and support has not been tested. The latest supported version of H2 is 2.2.220.
Apr 26, 2024 7:16:53 PM org.eclipse.lsp4j.jsonrpc.RemoteEndpoint handleCancellation
WARNING: Unmatched cancel notification for request id 1
Apr 26, 2024 7:16:54 PM org.eclipse.lsp4j.jsonrpc.RemoteEndpoint handleCancellation
WARNING: Unmatched cancel notification for request id 3
Apr 26, 2024 7:16:54 PM org.eclipse.lsp4j.jsonrpc.RemoteEndpoint handleCancellation
WARNING: Unmatched cancel notification for request id 8
Apr 26, 2024 7:16:54 PM org.eclipse.lsp4j.jsonrpc.RemoteEndpoint handleCancellation
WARNING: Unmatched cancel notification for request id 2
2024.04.26 19:17:01 INFO  running '/home/sr7/.local/share/coursier/bin/sbt -Dbloop.export-jar-classifiers=sources bloopInstall'
2024.04.26 19:17:01 WARN  no build target for: /home/sr7/LearnBigData/spark-practice2/project/metals.sbt
2024.04.26 19:17:01 WARN  no build target for: /home/sr7/LearnBigData/spark-practice2/project/project/metals.sbt
2024.04.26 19:17:09 INFO  [info] welcome to sbt 1.9.9 (Eclipse Adoptium Java 11.0.23)
2024.04.26 19:17:19 INFO  [info] loading settings for project spark-practice2-build-build-build from metals.sbt ...
2024.04.26 19:17:22 INFO  [info] loading project definition from /home/sr7/LearnBigData/spark-practice2/project/project/project
2024.04.26 19:17:29 INFO  [info] loading settings for project spark-practice2-build-build from metals.sbt ...
2024.04.26 19:17:29 INFO  [info] loading project definition from /home/sr7/LearnBigData/spark-practice2/project/project
2024.04.26 19:17:37 INFO  [success] Generated .bloop/spark-practice2-build-build.json
2024.04.26 19:17:39 INFO  [success] Total time: 9 s, completed 26-Apr-2024, 7:17:39 PM
2024.04.26 19:17:41 INFO  [info] loading settings for project spark-practice2-build from metals.sbt,plugins.sbt ...
2024.04.26 19:17:41 INFO  [info] loading project definition from /home/sr7/LearnBigData/spark-practice2/project
2024.04.26 19:17:49 INFO  no build target found for /home/sr7/LearnBigData/spark-practice2/src/main/scala/Main.scala. Using presentation compiler with project's scala-library version: 3.3.3
2024.04.26 19:17:51 INFO  [success] Generated .bloop/spark-practice2-build.json
2024.04.26 19:17:51 INFO  [success] Total time: 10 s, completed 26-Apr-2024, 7:17:51 PM
2024.04.26 19:17:57 INFO  [info] loading settings for project root from build.sbt ...
2024.04.26 19:17:57 INFO  [info] set current project to spark-practice2 (in build file:/home/sr7/LearnBigData/spark-practice2/)
2024.04.26 19:17:57 INFO  [warn] there's a key that's not used by any other settings/tasks:
2024.04.26 19:17:57 INFO  [warn]  
2024.04.26 19:17:57 INFO  [warn] * root / idePackagePrefix
2024.04.26 19:17:57 INFO  [warn]   +- /home/sr7/LearnBigData/spark-practice2/build.sbt:8
2024.04.26 19:17:57 INFO  [warn]  
2024.04.26 19:17:57 INFO  [warn] note: a setting might still be used by a command; to exclude a key from this `lintUnused` check
2024.04.26 19:17:57 INFO  [warn] either append it to `Global / excludeLintKeys` or call .withRank(KeyRanks.Invisible) on the key
2024.04.26 19:18:05 INFO  [success] Generated .bloop/root.json
2024.04.26 19:18:05 INFO  [success] Generated .bloop/root-test.json
2024.04.26 19:18:05 INFO  [success] Total time: 8 s, completed 26-Apr-2024, 7:18:06 PM
2024.04.26 19:18:06 INFO  time: ran 'sbt bloopInstall' in 1m5s
2024.04.26 19:18:06 INFO  Attempting to connect to the build server...
2024.04.26 19:18:06 INFO  Setting up current java home /usr/lib/jvm/java-21-openjdk-amd64 in /home/sr7/.bloop/bloop.json
2024.04.26 19:18:15 WARN  no build target for: /home/sr7/LearnBigData/spark-practice2/src/main/scala/Main.scala
2024.04.26 19:18:21 WARN  no build target for: /home/sr7/LearnBigData/spark-practice2/src/main/scala/Main.scala
2024.04.26 19:18:24 WARN  no build target for: /home/sr7/LearnBigData/spark-practice2/src/main/scala/Main.scala
2024.04.26 19:18:31 WARN  no build target for: /home/sr7/LearnBigData/spark-practice2/src/main/scala/Main.scala
2024.04.26 19:18:50 WARN  no build target for: /home/sr7/LearnBigData/spark-practice2/src/main/scala/Main.scala
2024.04.26 19:18:51 WARN  no build target for: /home/sr7/LearnBigData/spark-practice2/src/main/scala/Main.scala
2024.04.26 19:19:08 ERROR Starting the bsp launcher for bloop...
2024.04.26 19:19:08 ERROR Opening a bsp server connection with 'bsp --protocol local --socket /tmp/bsp-launcher7193627693060902622/bsp.socket'...
2024.04.26 19:19:08 ERROR Waiting for the bsp connection to come up...
2024.04.26 19:19:08 ERROR Waiting for the bsp connection to come up...
2024.04.26 19:19:08 ERROR Waiting for the bsp connection to come up...
2024.04.26 19:19:08 ERROR Waiting for the bsp connection to come up...
2024.04.26 19:19:08 ERROR Waiting for the bsp connection to come up...
2024.04.26 19:19:08 ERROR Waiting for the bsp connection to come up...
2024.04.26 19:19:08 ERROR Waiting for the bsp connection to come up...
2024.04.26 19:19:08 ERROR Waiting for the bsp connection to come up...
2024.04.26 19:19:08 ERROR Waiting for the bsp connection to come up...
2024.04.26 19:19:08 ERROR Waiting for the bsp connection to come up...
2024.04.26 19:19:08 ERROR Waiting for the bsp connection to come up...
2024.04.26 19:19:08 ERROR Waiting for the bsp connection to come up...
2024.04.26 19:19:08 ERROR Waiting for the bsp connection to come up...
2024.04.26 19:19:08 ERROR Waiting for the bsp connection to come up...
2024.04.26 19:19:08 ERROR Waiting for the bsp connection to come up...
2024.04.26 19:19:08 ERROR Waiting for the bsp connection to come up...
2024.04.26 19:19:08 ERROR Waiting for the bsp connection to come up...
2024.04.26 19:19:08 ERROR Waiting for the bsp connection to come up...
2024.04.26 19:19:08 ERROR Waiting for the bsp connection to come up...
2024.04.26 19:19:08 ERROR Waiting for the bsp connection to come up...
2024.04.26 19:19:08 ERROR Waiting for the bsp connection to come up...
2024.04.26 19:19:08 ERROR Waiting for the bsp connection to come up...
2024.04.26 19:19:08 ERROR Waiting for the bsp connection to come up...
2024.04.26 19:19:08 ERROR Waiting for the bsp connection to come up...
2024.04.26 19:19:08 ERROR Waiting for the bsp connection to come up...
2024.04.26 19:19:08 ERROR Waiting for the bsp connection to come up...
2024.04.26 19:19:08 ERROR Waiting for the bsp connection to come up...
2024.04.26 19:19:08 ERROR Waiting for the bsp connection to come up...
2024.04.26 19:19:08 ERROR Waiting for the bsp connection to come up...
2024.04.26 19:19:08 ERROR Waiting for the bsp connection to come up...
2024.04.26 19:19:08 ERROR Waiting for the bsp connection to come up...
2024.04.26 19:19:08 ERROR error: Giving up on waiting for a connection, printing embedded bloop logs:
2024.04.26 19:19:08 ERROR > No server running at 127.0.0.1:8212, let's fire one...
2024.04.26 19:19:08 ERROR > Resolving ch.epfl.scala:bloop-frontend_2.12:1.5.17...
2024.04.26 19:19:08 ERROR error: Trying a tcp-based connection to the server instead...
2024.04.26 19:19:08 ERROR Opening a bsp server connection with 'bsp --protocol tcp --port 23755'...
2024.04.26 19:19:08 ERROR Waiting for the bsp connection to come up...
2024.04.26 19:19:08 ERROR Waiting for the bsp connection to come up...
2024.04.26 19:19:08 ERROR Waiting for the bsp connection to come up...
2024.04.26 19:19:08 ERROR Waiting for the bsp connection to come up...
2024.04.26 19:19:08 ERROR Waiting for the bsp connection to come up...
2024.04.26 19:19:08 ERROR Waiting for the bsp connection to come up...
2024.04.26 19:19:08 ERROR Waiting for the bsp connection to come up...
2024.04.26 19:19:08 ERROR Waiting for the bsp connection to come up...
2024.04.26 19:19:08 ERROR Waiting for the bsp connection to come up...
2024.04.26 19:19:08 ERROR Waiting for the bsp connection to come up...
2024.04.26 19:19:08 ERROR Waiting for the bsp connection to come up...
2024.04.26 19:19:08 ERROR Waiting for the bsp connection to come up...
2024.04.26 19:19:08 ERROR Waiting for the bsp connection to come up...
2024.04.26 19:19:08 ERROR Waiting for the bsp connection to come up...
2024.04.26 19:19:08 ERROR Waiting for the bsp connection to come up...
2024.04.26 19:19:08 ERROR Waiting for the bsp connection to come up...
2024.04.26 19:19:08 ERROR Waiting for the bsp connection to come up...
2024.04.26 19:19:08 ERROR Waiting for the bsp connection to come up...
2024.04.26 19:19:08 ERROR Waiting for the bsp connection to come up...
2024.04.26 19:19:08 ERROR Waiting for the bsp connection to come up...
2024.04.26 19:19:08 ERROR Waiting for the bsp connection to come up...
2024.04.26 19:19:08 ERROR Waiting for the bsp connection to come up...
2024.04.26 19:19:08 ERROR Waiting for the bsp connection to come up...
2024.04.26 19:19:08 ERROR Waiting for the bsp connection to come up...
2024.04.26 19:19:08 ERROR Waiting for the bsp connection to come up...
2024.04.26 19:19:08 ERROR Waiting for the bsp connection to come up...
2024.04.26 19:19:08 ERROR Waiting for the bsp connection to come up...
2024.04.26 19:19:08 ERROR Waiting for the bsp connection to come up...
2024.04.26 19:19:08 ERROR Waiting for the bsp connection to come up...
2024.04.26 19:19:08 ERROR Waiting for the bsp connection to come up...
2024.04.26 19:19:08 ERROR Waiting for the bsp connection to come up...
2024.04.26 19:19:08 ERROR error: Giving up on waiting for a connection, printing embedded bloop logs:
2024.04.26 19:19:08 ERROR > No server running at 127.0.0.1:8212, let's fire one...
2024.04.26 19:19:08 ERROR > Resolving ch.epfl.scala:bloop-frontend_2.12:1.5.17...
2024.04.26 19:19:08 ERROR error: The launcher failed to establish a bsp connection, aborting...
2024.04.26 19:19:08 ERROR Failed to connect with build server, no functionality will work.
java.lang.RuntimeException: The server did not start, got FailedToOpenBspConnection
	at bloop.launcher.LauncherMain.failPromise$1(Launcher.scala:92)
	at bloop.launcher.LauncherMain.runLauncher(Launcher.scala:119)
	at scala.meta.internal.metals.BloopServers$$anon$2.run(BloopServers.scala:355)
	at java.util.concurrent.Executors$RunnableAdapter.call(Executors.java:572)
	at java.util.concurrent.FutureTask.run(FutureTask.java:317)
	at java.util.concurrent.ThreadPoolExecutor.runWorker(ThreadPoolExecutor.java:1144)
	at java.util.concurrent.ThreadPoolExecutor$Worker.run(ThreadPoolExecutor.java:642)
	at java.lang.Thread.run(Thread.java:1583)

2024.04.26 19:19:22 WARN  no build target for: /home/sr7/LearnBigData/spark-practice2/src/main/scala/Main.scala
2024.04.26 19:20:31 WARN  no build target for: /home/sr7/LearnBigData/spark-practice2/src/main/scala/Main.scala
2024.04.26 19:20:33 INFO  running '/home/sr7/.local/share/coursier/bin/sbt -Dbloop.export-jar-classifiers=sources bloopInstall'
2024.04.26 19:20:38 INFO  [info] welcome to sbt 1.9.9 (Eclipse Adoptium Java 11.0.23)
2024.04.26 19:20:40 INFO  [info] loading settings for project spark-practice2-build-build-build from metals.sbt ...
2024.04.26 19:20:43 INFO  [info] loading project definition from /home/sr7/LearnBigData/spark-practice2/project/project/project
2024.04.26 19:20:45 INFO  [info] loading settings for project spark-practice2-build-build from metals.sbt ...
2024.04.26 19:20:45 INFO  [info] loading project definition from /home/sr7/LearnBigData/spark-practice2/project/project
2024.04.26 19:20:51 INFO  [success] Generated .bloop/spark-practice2-build-build.json
2024.04.26 19:20:51 INFO  [success] Total time: 6 s, completed 26-Apr-2024, 7:20:52 PM
2024.04.26 19:20:51 INFO  [info] loading settings for project spark-practice2-build from metals.sbt,plugins.sbt ...
2024.04.26 19:20:53 INFO  [info] loading project definition from /home/sr7/LearnBigData/spark-practice2/project
2024.04.26 19:20:55 INFO  [success] Generated .bloop/spark-practice2-build.json
2024.04.26 19:20:55 INFO  [success] Total time: 2 s, completed 26-Apr-2024, 7:20:55 PM
2024.04.26 19:20:55 INFO  [info] loading settings for project root from build.sbt ...
2024.04.26 19:20:55 INFO  [info] set current project to spark-practice2 (in build file:/home/sr7/LearnBigData/spark-practice2/)
2024.04.26 19:20:56 INFO  [warn] there's a key that's not used by any other settings/tasks:
2024.04.26 19:20:56 INFO  [warn]  
2024.04.26 19:20:56 INFO  [warn] * root / idePackagePrefix
2024.04.26 19:20:56 INFO  [warn]   +- /home/sr7/LearnBigData/spark-practice2/build.sbt:8
2024.04.26 19:20:56 INFO  [warn]  
2024.04.26 19:20:56 INFO  [warn] note: a setting might still be used by a command; to exclude a key from this `lintUnused` check
2024.04.26 19:20:56 INFO  [warn] either append it to `Global / excludeLintKeys` or call .withRank(KeyRanks.Invisible) on the key
2024.04.26 19:20:58 INFO  [success] Generated .bloop/root.json
2024.04.26 19:20:58 INFO  [success] Generated .bloop/root-test.json
2024.04.26 19:20:58 INFO  [success] Total time: 2 s, completed 26-Apr-2024, 7:20:58 PM
2024.04.26 19:20:58 INFO  time: ran 'sbt bloopInstall' in 25s
2024.04.26 19:20:58 INFO  Attempting to connect to the build server...
2024.04.26 19:21:59 ERROR Starting the bsp launcher for bloop...
2024.04.26 19:21:59 ERROR Opening a bsp server connection with 'bsp --protocol local --socket /tmp/bsp-launcher12125630149470215915/bsp.socket'...
2024.04.26 19:21:59 ERROR Waiting for the bsp connection to come up...
2024.04.26 19:21:59 ERROR Waiting for the bsp connection to come up...
2024.04.26 19:21:59 ERROR Waiting for the bsp connection to come up...
2024.04.26 19:21:59 ERROR Waiting for the bsp connection to come up...
2024.04.26 19:21:59 ERROR Waiting for the bsp connection to come up...
2024.04.26 19:21:59 ERROR Waiting for the bsp connection to come up...
2024.04.26 19:21:59 ERROR Waiting for the bsp connection to come up...
2024.04.26 19:21:59 ERROR Waiting for the bsp connection to come up...
2024.04.26 19:21:59 ERROR Waiting for the bsp connection to come up...
2024.04.26 19:21:59 ERROR Waiting for the bsp connection to come up...
2024.04.26 19:21:59 ERROR Waiting for the bsp connection to come up...
2024.04.26 19:21:59 ERROR Waiting for the bsp connection to come up...
2024.04.26 19:21:59 ERROR Waiting for the bsp connection to come up...
2024.04.26 19:21:59 ERROR Waiting for the bsp connection to come up...
2024.04.26 19:21:59 ERROR Waiting for the bsp connection to come up...
2024.04.26 19:21:59 ERROR Waiting for the bsp connection to come up...
2024.04.26 19:21:59 ERROR Waiting for the bsp connection to come up...
2024.04.26 19:21:59 ERROR Waiting for the bsp connection to come up...
2024.04.26 19:21:59 ERROR Waiting for the bsp connection to come up...
2024.04.26 19:21:59 ERROR Waiting for the bsp connection to come up...
2024.04.26 19:21:59 ERROR Waiting for the bsp connection to come up...
2024.04.26 19:21:59 ERROR Waiting for the bsp connection to come up...
2024.04.26 19:21:59 ERROR Waiting for the bsp connection to come up...
2024.04.26 19:21:59 ERROR Waiting for the bsp connection to come up...
2024.04.26 19:21:59 ERROR Waiting for the bsp connection to come up...
2024.04.26 19:21:59 ERROR Waiting for the bsp connection to come up...
2024.04.26 19:21:59 ERROR Waiting for the bsp connection to come up...
2024.04.26 19:21:59 ERROR Waiting for the bsp connection to come up...
2024.04.26 19:21:59 ERROR Waiting for the bsp connection to come up...
2024.04.26 19:21:59 ERROR Waiting for the bsp connection to come up...
2024.04.26 19:21:59 ERROR Waiting for the bsp connection to come up...
2024.04.26 19:21:59 ERROR error: Giving up on waiting for a connection, printing embedded bloop logs:
2024.04.26 19:21:59 ERROR > No server running at 127.0.0.1:8212, let's fire one...
2024.04.26 19:21:59 ERROR > Resolving ch.epfl.scala:bloop-frontend_2.12:1.5.17...
2024.04.26 19:21:59 ERROR error: Trying a tcp-based connection to the server instead...
2024.04.26 19:21:59 ERROR Opening a bsp server connection with 'bsp --protocol tcp --port 35975'...
2024.04.26 19:21:59 ERROR Waiting for the bsp connection to come up...
2024.04.26 19:21:59 ERROR Waiting for the bsp connection to come up...
2024.04.26 19:21:59 ERROR Waiting for the bsp connection to come up...
2024.04.26 19:21:59 ERROR Waiting for the bsp connection to come up...
2024.04.26 19:21:59 ERROR Waiting for the bsp connection to come up...
2024.04.26 19:21:59 ERROR Waiting for the bsp connection to come up...
2024.04.26 19:21:59 ERROR Waiting for the bsp connection to come up...
2024.04.26 19:21:59 ERROR Waiting for the bsp connection to come up...
2024.04.26 19:21:59 ERROR Waiting for the bsp connection to come up...
2024.04.26 19:21:59 ERROR Waiting for the bsp connection to come up...
2024.04.26 19:21:59 ERROR Waiting for the bsp connection to come up...
2024.04.26 19:21:59 ERROR Waiting for the bsp connection to come up...
2024.04.26 19:21:59 ERROR Waiting for the bsp connection to come up...
2024.04.26 19:21:59 ERROR Waiting for the bsp connection to come up...
2024.04.26 19:21:59 ERROR Waiting for the bsp connection to come up...
2024.04.26 19:21:59 ERROR Waiting for the bsp connection to come up...
2024.04.26 19:21:59 ERROR Waiting for the bsp connection to come up...
2024.04.26 19:21:59 ERROR Waiting for the bsp connection to come up...
2024.04.26 19:21:59 ERROR Waiting for the bsp connection to come up...
2024.04.26 19:21:59 ERROR Waiting for the bsp connection to come up...
2024.04.26 19:21:59 ERROR Waiting for the bsp connection to come up...
2024.04.26 19:21:59 ERROR Waiting for the bsp connection to come up...
2024.04.26 19:21:59 ERROR Waiting for the bsp connection to come up...
2024.04.26 19:21:59 ERROR Waiting for the bsp connection to come up...
2024.04.26 19:21:59 ERROR Waiting for the bsp connection to come up...
2024.04.26 19:21:59 ERROR Waiting for the bsp connection to come up...
2024.04.26 19:21:59 ERROR Waiting for the bsp connection to come up...
2024.04.26 19:21:59 ERROR Waiting for the bsp connection to come up...
2024.04.26 19:21:59 ERROR Waiting for the bsp connection to come up...
2024.04.26 19:21:59 ERROR Waiting for the bsp connection to come up...
2024.04.26 19:21:59 ERROR Waiting for the bsp connection to come up...
2024.04.26 19:21:59 ERROR error: Giving up on waiting for a connection, printing embedded bloop logs:
2024.04.26 19:21:59 ERROR > No server running at 127.0.0.1:8212, let's fire one...
2024.04.26 19:21:59 ERROR > Resolving ch.epfl.scala:bloop-frontend_2.12:1.5.17...
2024.04.26 19:21:59 ERROR error: The launcher failed to establish a bsp connection, aborting...
2024.04.26 19:21:59 ERROR Failed to connect with build server, no functionality will work.
java.lang.RuntimeException: The server did not start, got FailedToOpenBspConnection
	at bloop.launcher.LauncherMain.failPromise$1(Launcher.scala:92)
	at bloop.launcher.LauncherMain.runLauncher(Launcher.scala:119)
	at scala.meta.internal.metals.BloopServers$$anon$2.run(BloopServers.scala:355)
	at java.util.concurrent.Executors$RunnableAdapter.call(Executors.java:572)
	at java.util.concurrent.FutureTask.run(FutureTask.java:317)
	at java.util.concurrent.ThreadPoolExecutor.runWorker(ThreadPoolExecutor.java:1144)
	at java.util.concurrent.ThreadPoolExecutor$Worker.run(ThreadPoolExecutor.java:642)
	at java.lang.Thread.run(Thread.java:1583)

Apr 26, 2024 7:24:29 PM org.eclipse.lsp4j.jsonrpc.services.GenericEndpoint notify
INFO: Unsupported notification method: $/setTrace
2024.04.26 19:25:26 WARN  no build target for: /home/sr7/LearnBigData/spark-practice2/src/main/scala/Main.scala
2024.04.26 19:25:30 WARN  no build target for: /home/sr7/LearnBigData/spark-practice2/src/main/scala/Main.scala
2024.04.26 19:25:31 WARN  no build target for: /home/sr7/LearnBigData/spark-practice2/src/main/scala/Main.scala
2024.04.26 19:25:35 WARN  no build target for: /home/sr7/LearnBigData/spark-practice2/src/main/scala/Main.scala
2024.04.26 19:25:48 WARN  no build target for: /home/sr7/LearnBigData/spark-practice2/src/main/scala/Main.scala
2024.04.26 19:25:52 WARN  no build target for: /home/sr7/LearnBigData/spark-practice2/src/main/scala/Main.scala
2024.04.26 19:25:56 WARN  no build target for: /home/sr7/LearnBigData/spark-practice2/src/main/scala/Main.scala
2024.04.26 19:25:59 WARN  no build target for: /home/sr7/LearnBigData/spark-practice2/src/main/scala/Main.scala
2024.04.26 19:26:02 WARN  no build target for: /home/sr7/LearnBigData/spark-practice2/src/main/scala/Main.scala
2024.04.26 19:26:04 WARN  no build target for: /home/sr7/LearnBigData/spark-practice2/src/main/scala/Main.scala
2024.04.26 19:26:41 WARN  no build target for: /home/sr7/LearnBigData/spark-practice2/src/main/scala/Main.scala
2024.04.26 19:26:42 WARN  no build target for: /home/sr7/LearnBigData/spark-practice2/src/main/scala/Main.scala
2024.04.26 19:26:47 WARN  no build target for: /home/sr7/LearnBigData/spark-practice2/src/main/scala/Main.scala
2024.04.26 19:26:55 WARN  no build target for: /home/sr7/LearnBigData/spark-practice2/src/main/scala/Main.scala
2024.04.26 19:27:01 WARN  no build target for: /home/sr7/LearnBigData/spark-practice2/src/main/scala/Main.scala
2024.04.26 19:27:10 WARN  no build target for: /home/sr7/LearnBigData/spark-practice2/src/main/scala/Main.scala
2024.04.26 19:27:12 WARN  no build target for: /home/sr7/LearnBigData/spark-practice2/src/main/scala/Main.scala
2024.04.26 19:27:13 WARN  no build target for: /home/sr7/LearnBigData/spark-practice2/src/main/scala/Main.scala
2024.04.26 19:27:17 WARN  no build target for: /home/sr7/LearnBigData/spark-practice2/src/main/scala/Main.scala
2024.04.26 19:27:23 WARN  no build target for: /home/sr7/LearnBigData/spark-practice2/src/main/scala/Main.scala
2024.04.26 19:27:26 WARN  no build target for: /home/sr7/LearnBigData/spark-practice2/src/main/scala/Main.scala
2024.04.26 19:27:30 WARN  no build target for: /home/sr7/LearnBigData/spark-practice2/src/main/scala/Main.scala
2024.04.26 19:28:03 WARN  no build target for: /home/sr7/LearnBigData/spark-practice2/src/main/scala/Main.scala
2024.04.26 19:28:11 WARN  no build target for: /home/sr7/LearnBigData/spark-practice2/src/main/scala/Main.scala
2024.04.26 19:28:14 WARN  no build target for: /home/sr7/LearnBigData/spark-practice2/src/main/scala/Main.scala
2024.04.26 19:34:47 WARN  no build target for: /home/sr7/LearnBigData/spark-practice2/src/main/scala/Main.scala
2024.04.26 19:34:56 WARN  no build target for: /home/sr7/LearnBigData/spark-practice2/src/main/scala/Main.scala
2024.04.26 19:34:59 WARN  no build target for: /home/sr7/LearnBigData/spark-practice2/src/main/scala/Main.scala
2024.04.26 19:35:14 INFO  Shutting down server
2024.04.26 19:35:14 INFO  shutting down Metals
2024.04.26 19:35:14 INFO  Exiting server
